<?xml version="1.0" encoding="UTF-8"?>
<!-- Generated by org.testng.reporters.JUnitXMLReporter -->
<testsuite hostname="HOME" name="Default test" tests="4" failures="0" timestamp="15 Feb 2015 18:51:10 GMT" time="18.666" errors="0">
  <testcase name="testEmptyContactCreation" time="2.108" classname="com.example.tests.ContactCreationTests"/>
  <testcase name="testNonEmptyContactCreation" time="2.918" classname="com.example.tests.ContactCreationTests"/>
  <testcase name="testEmptyGroupCreation" time="1.294" classname="com.example.tests.GroupCreationTests"/>
  <testcase name="testNonEmptyGroupCreation" time="1.149" classname="com.example.tests.GroupCreationTests"/>
</testsuite> <!-- Default test -->
