<?xml version="1.0" encoding="UTF-8"?>
<testng-results skipped="0" failed="0" total="4" passed="4">
  <reporter-output>
  </reporter-output>
  <suite name="Default suite" duration-ms="18666" started-at="2015-02-15T18:50:51Z" finished-at="2015-02-15T18:51:10Z">
    <groups>
    </groups>
    <test name="Default test" duration-ms="18666" started-at="2015-02-15T18:50:51Z" finished-at="2015-02-15T18:51:10Z">
      <class name="com.example.tests.GroupCreationTests">
        <test-method status="PASS" signature="testEmptyGroupCreation()[pri:0, instance:com.example.tests.GroupCreationTests@40213e13]" name="testEmptyGroupCreation" duration-ms="1294" started-at="2015-02-15T21:51:07Z" finished-at="2015-02-15T21:51:09Z">
          <reporter-output>
          </reporter-output>
        </test-method> <!-- testEmptyGroupCreation -->
        <test-method status="PASS" signature="testNonEmptyGroupCreation()[pri:0, instance:com.example.tests.GroupCreationTests@40213e13]" name="testNonEmptyGroupCreation" duration-ms="1149" started-at="2015-02-15T21:51:09Z" finished-at="2015-02-15T21:51:10Z">
          <reporter-output>
          </reporter-output>
        </test-method> <!-- testNonEmptyGroupCreation -->
      </class> <!-- com.example.tests.GroupCreationTests -->
      <class name="com.example.tests.TestBase">
        <test-method status="PASS" signature="setUp()[pri:0, instance:com.example.tests.TestBase@e9f0070]" name="setUp" is-config="true" duration-ms="10759" started-at="2015-02-15T21:50:51Z" finished-at="2015-02-15T21:51:02Z">
          <reporter-output>
          </reporter-output>
        </test-method> <!-- setUp -->
        <test-method status="PASS" signature="tearDown()[pri:0, instance:com.example.tests.TestBase@e9f0070]" name="tearDown" is-config="true" duration-ms="423" started-at="2015-02-15T21:51:10Z" finished-at="2015-02-15T21:51:10Z">
          <reporter-output>
          </reporter-output>
        </test-method> <!-- tearDown -->
      </class> <!-- com.example.tests.TestBase -->
      <class name="com.example.tests.ContactCreationTests">
        <test-method status="PASS" signature="testEmptyContactCreation()[pri:0, instance:com.example.tests.ContactCreationTests@6266458b]" name="testEmptyContactCreation" duration-ms="2108" started-at="2015-02-15T21:51:02Z" finished-at="2015-02-15T21:51:04Z">
          <reporter-output>
          </reporter-output>
        </test-method> <!-- testEmptyContactCreation -->
        <test-method status="PASS" signature="testNonEmptyContactCreation()[pri:0, instance:com.example.tests.ContactCreationTests@6266458b]" name="testNonEmptyContactCreation" duration-ms="2918" started-at="2015-02-15T21:51:04Z" finished-at="2015-02-15T21:51:07Z">
          <reporter-output>
          </reporter-output>
        </test-method> <!-- testNonEmptyContactCreation -->
      </class> <!-- com.example.tests.ContactCreationTests -->
    </test> <!-- Default test -->
  </suite> <!-- Default suite -->
</testng-results>
